<?xml version="1.0" encoding="UTF-8"?>
<testsuite name="ch03.TicTacToeSpec" tests="18" skipped="0" failures="0" errors="0" timestamp="2017-02-12T20:56:31" hostname="WINDOWS-B2SCF8J" time="0.27">
  <properties/>
  <testcase name="wygrywaGraczOGdyMaZapelnionaKolumne" classname="ch03.TicTacToeSpec" time="0.012"/>
  <testcase name="kiedyZnakPozaOsiaXUjemneZglosRuntimeException" classname="ch03.TicTacToeSpec" time="0.049"/>
  <testcase name="wygrywaGraczXGdyMaZapelnionyWiersz" classname="ch03.TicTacToeSpec" time="0.004"/>
  <testcase name="wygrywaGraczOGdyMaZapelnionaPrzekatnaLewa" classname="ch03.TicTacToeSpec" time="0.009"/>
  <testcase name="zaczynaGraczX" classname="ch03.TicTacToeSpec" time="0.009"/>
  <testcase name="kiedyZnakPozaOsiaXNadmiarZglosRuntimeException" classname="ch03.TicTacToeSpec" time="0.011"/>
  <testcase name="poOjestX" classname="ch03.TicTacToeSpec" time="0.003"/>
  <testcase name="wygrywaGraczOGdyMaZapelnionyWiersz" classname="ch03.TicTacToeSpec" time="0.001"/>
  <testcase name="poXjestO" classname="ch03.TicTacToeSpec" time="0.001"/>
  <testcase name="remisGdyWszystkiePolaZapelnione" classname="ch03.TicTacToeSpec" time="0.0"/>
  <testcase name="kiedyZnakPozaOsiaYNadmiarZglosRuntimeException" classname="ch03.TicTacToeSpec" time="0.001"/>
  <testcase name="poPierwszymZnakuBrakZwyciezcy" classname="ch03.TicTacToeSpec" time="0.0"/>
  <testcase name="wygrywaGraczXGdyMaZapelnionaKolumne" classname="ch03.TicTacToeSpec" time="0.002"/>
  <testcase name="kiedyZnakNaZajetymPoluZglosRuntimeException" classname="ch03.TicTacToeSpec" time="0.001"/>
  <testcase name="wygrywaGraczXGdyMaZapelnionaPrzekatnaLewa" classname="ch03.TicTacToeSpec" time="0.002"/>
  <testcase name="wygrywaGraczOGdyMaZapelnionaPrzekatnaPrawa" classname="ch03.TicTacToeSpec" time="0.002"/>
  <testcase name="wygrywaGraczXGdyMaZapelnionaPrzekatnaPrawa" classname="ch03.TicTacToeSpec" time="0.0"/>
  <testcase name="kiedyZnakPozaOsiaYUjemnaZglosRuntimeException" classname="ch03.TicTacToeSpec" time="0.001"/>
  <system-out><![CDATA[]]></system-out>
  <system-err><![CDATA[]]></system-err>
</testsuite>
